<?xml version="1.0" encoding="UTF-8"?>
<!-- Generated by org.testng.reporters.JUnitReportReporter -->
<testsuite hostname="LAPTOP-0MAU18CT" failures="0" tests="1" name="driverFactory.TestScript" time="128.458" errors="0" timestamp="2024-12-12T15:12:46 IST" skipped="0">
  <testcase classname="driverFactory.TestScript" name="startTest" time="128.458"/>
  <system-out>
    <![CDATA[No of rows are::7
Customer Add Success::Customer-00000013614    Customer-00000013614
Customer Add Success::Customer-00000013615    Customer-00000013615
Customer Add Success::Customer-00000013616    Customer-00000013616
Customer Add Success::Customer-00000013617    Customer-00000013617
Customer Add Success::Customer-00000013618    Customer-00000013618
Customer Add Success::Customer-00000013619    Customer-00000013619
Customer Add Success::Customer-00000013620    Customer-00000013620]]>
  </system-out>
</testsuite> <!-- driverFactory.TestScript -->
